<?xml version="1.0" encoding="UTF-8"?>
<!-- Generated by org.testng.reporters.JUnitReportReporter -->
<testsuite skipped="0" hostname="raktim-H81M-S" name="Demo.Maven" tests="2" failures="0" timestamp="29 Mar 2019 11:22:37 GMT" time="6.062" errors="0">
  <testcase name="goaptiveAdminLogin" time="2.342" classname="Demo.Maven"/>
  <testcase name="setUpTest" time="3.720" classname="Demo.Maven"/>
</testsuite> <!-- Demo.Maven -->
